2025-01-08 09:22:44,407 - INFO - Sivan-Wong 信息写入csv文件完毕，保存路径: /Users/pootaatoos/weibo_snowball/step2_crawler/weibo/users.csv
2025-01-08 09:22:45,604 - INFO - Sivan-Wong信息写入MongoDB数据库完毕
2025-01-08 09:22:45,604 - INFO - 准备搜集 Sivan-Wong 的微博
2025-01-08 09:22:46,783 - INFO - 已获取用户 Sivan-Wong 的微博，内容为 有时候我最大的愿望是：活得像头猪，吃饱喝好然后躺倒，没有任何烦恼，但是不要被鲨了就好🙏 
2025-01-08 09:22:46,784 - INFO - 已获取用户 Sivan-Wong 的微博，内容为 最近每天给自己做白人饭（改良版
今天加了一份番茄炒蛋觉得香爆了
 
2025-01-08 09:22:46,785 - INFO - 已获取用户 Sivan-Wong 的微博，内容为 这个不是我，已经被n个朋友和粉丝问了，大家看一眼ip就知道了，不要被骗了，特别是不要被骗💰 
2025-01-08 09:22:46,786 - INFO - 已获取用户 Sivan-Wong 的微博，内容为 一边吃瓜一边学习是吧
 #李明德# #李明德晒聊天记录# #马天宇 李明德# #三人行导演回应# 
2025-01-08 09:22:46,786 - INFO - URL: https://m.weibo.cn/detail/5119120737047716 
2025-01-08 09:22:57,815 - INFO - URL: https://m.weibo.cn/detail/5119120737047716 
2025-01-08 09:23:08,654 - INFO - URL: https://m.weibo.cn/detail/5119120737047716 
2025-01-08 09:23:18,380 - INFO - URL: https://m.weibo.cn/detail/5119120737047716 
2025-01-08 09:23:31,542 - INFO - URL: https://m.weibo.cn/detail/5119120737047716 
2025-01-08 09:23:44,549 - INFO - 已获取用户 Sivan-Wong 的微博，内容为 2024｜迟到的小结
其实2周前就准备写这样一份年度总结，但前段时间一直在忙活自媒体推广、国社报告、新的小论文，昨天才基本完成所有事，终于有时间坐在书桌前放空、回顾和反思，敲下这么几行字。往年只会用8个字概括，无非是赚钱、健身、学习，今年选择用更多文字正式地打捞一些记忆碎片和漂浮的思考 ...
全文
2025-01-08 09:23:44,550 - INFO - 已获取用户 Sivan-Wong 的微博，内容为 临睡前刷到，文字温润但好有力量感。 
2025-01-08 09:23:44,551 - INFO - 已获取用户 Sivan-Wong 的微博，内容为 我只是感到有些失望，对一些我认为重要的人，对某个觉得需要为之做点什么的群体。 
2025-01-08 09:23:44,552 - INFO - 已获取用户 Sivan-Wong 的微博，内容为 有时候不了解一些莫名其妙的敌意，想回应又觉得累了还是算了。 
2025-01-08 09:23:44,554 - INFO - 已获取用户 Sivan-Wong 的微博，内容为 介绍一只帅猴子@Hank_13 
还有一只北大乌萨奇@CaramelBlakh #我的微博日常# #校园创作者激励计划# #新年好气色拍了拍你# #我在校园交朋友# 
2025-01-08 09:23:44,554 - INFO - 已获取用户 Sivan-Wong 的微博，内容为 无所谓 我会在元旦睡到下午2点半 好久没这么爽 
2025-01-08 09:23:44,554 - INFO - ------------------------------已获取Sivan-Wong(5660911274)的第1页微博------------------------------
2025-01-08 09:23:45,734 - INFO - URL: https://m.weibo.cn/detail/5117810258746477 
2025-01-08 09:23:56,403 - INFO - URL: https://m.weibo.cn/detail/5117810258746477 
2025-01-08 09:24:07,204 - INFO - URL: https://m.weibo.cn/detail/5117810258746477 
2025-01-08 09:24:19,513 - INFO - URL: https://m.weibo.cn/detail/5117810258746477 
2025-01-08 09:24:30,300 - INFO - URL: https://m.weibo.cn/detail/5117810258746477 
2025-01-08 09:24:41,193 - INFO - 已获取用户 Sivan-Wong 的微博，内容为 【来武汉的第一个跨年】
楼下好多人欢聚，世界城灯光打下321计时结束后，一起放飞气球。我跟朋友们在家用相机镜头记录下这些瞬间，现实中是更加难以描述的“壮观”。随之想起的歌词里写着：“一边失去，一边寻找，明天你好”，从前听来煽情的歌，却也的的确确是所有人最底层的生存逻辑。希望2025年可以 ...
全文
2025-01-08 09:24:41,194 - INFO - 已获取用户 Sivan-Wong 的微博，内容为 人多到不敢凑的热闹，在家躺平
 
Sivan-Wong的微博视频
 
2025-01-08 09:24:41,195 - INFO - 已获取用户 Sivan-Wong 的微博，内容为 做饭3h，吃饭30min，也祝大家跨年快乐#我的微博日常##校园创作者激励计划##新年好气色拍了拍你##我在校园交朋友# 
2025-01-08 09:24:41,195 - INFO - 已获取用户 Sivan-Wong 的微博，内容为 一刷朋友圈，全是定位泰国/日本 
2025-01-08 09:24:41,196 - INFO - 已获取用户 Sivan-Wong 的微博，内容为 这个冬天要练得壮壮#我的微博日常##运动不设限# #校园创作者激励计划##微博跨域计划##相册里的运动瞬间# 
2025-01-08 09:24:41,197 - INFO - ------------------------------已获取Sivan-Wong(5660911274)的第2页微博------------------------------
2025-01-08 09:24:42,793 - INFO - 15条微博写入MongoDB数据库完毕
2025-01-08 09:24:42,794 - INFO - 即将进行原创微博图片下载
2025-01-08 09:24:42,795 - INFO - 原创微博图片下载完毕,保存路径:
2025-01-08 09:24:42,795 - INFO - /Users/pootaatoos/weibo_snowball/step2_crawler/weibo/5660911274/img/原创微博图片
2025-01-08 09:24:42,795 - INFO - 微博爬取完成，共爬取15条微博
2025-01-08 09:24:42,795 - INFO - 信息抓取完毕
2025-01-08 09:24:42,796 - INFO - ****************************************************************************************************
